Arguments: 
  /usr/bin/node /usr/local/bin/yarn add @material-ui/core/Avatar

PATH: 
  /home/joao/Downloads/RubyMine-2020.3.2/bin:/home/joao/Downloads/RubyMine-2020.3.2/bin:/home/joao/.rvm/gems/ruby-3.0.0/bin:/home/joao/.rvm/gems/ruby-3.0.0@global/bin:/home/joao/.rvm/rubies/ruby-3.0.0/bin:/usr/local/sbin:/usr/local/bin:/usr/sbin:/usr/bin:/sbin:/bin:/usr/games:/usr/local/games:/snap/bin:/home/joao/.rvm/bin:/usr/local/go/bin:/home/joao/go/bin:/home/joao/.rvm/bin:/usr/local/go/bin:/home/joao/go/bin:/home/joao/.rvm/bin

Yarn version: 
  1.22.10

Node version: 
  10.19.0

Platform: 
  linux x64

Trace: 
  Error: https://registry.yarnpkg.com/@material-ui%2fcore/Avatar: Request "https://registry.yarnpkg.com/@material-ui%2fcore/Avatar" returned a 405
      at Request.params.callback [as _callback] (/usr/local/lib/node_modules/yarn/lib/cli.js:66997:18)
      at Request.self.callback (/usr/local/lib/node_modules/yarn/lib/cli.js:140662:22)
      at Request.emit (events.js:198:13)
      at Request.<anonymous> (/usr/local/lib/node_modules/yarn/lib/cli.js:141634:10)
      at Request.emit (events.js:198:13)
      at IncomingMessage.<anonymous> (/usr/local/lib/node_modules/yarn/lib/cli.js:141556:12)
      at Object.onceWrapper (events.js:286:20)
      at IncomingMessage.emit (events.js:203:15)
      at endReadableNT (_stream_readable.js:1145:12)
      at process._tickCallback (internal/process/next_tick.js:63:19)

npm manifest: 
  No manifest

yarn manifest: 
  No manifest

Lockfile: 
  No lockfile
